<?xml version="1.0" encoding="UTF-8"?>
<coverage generated="1691499640669" clover="3.2.0">
  <project timestamp="1691499640669" name="All files">
    <metrics statements="40" coveredstatements="31" conditionals="4" coveredconditionals="2" methods="14" coveredmethods="7" elements="58" coveredelements="40" complexity="0" loc="40" ncloc="40" packages="2" files="7" classes="7"/>
    <package name="components">
      <metrics statements="21" coveredstatements="17" conditionals="4" coveredconditionals="2" methods="7" coveredmethods="5"/>
      <file name="Contact.jsx" path="F:\namaste-react-main\src\components\Contact.jsx">
        <metrics statements="2" coveredstatements="2" conditionals="0" coveredconditionals="0" methods="1" coveredmethods="1"/>
        <line num="1" count="1" type="stmt"/>
        <line num="2" count="4" type="stmt"/>
      </file>
      <file name="Header.jsx" path="F:\namaste-react-main\src\components\Header.jsx">
        <metrics statements="12" coveredstatements="10" conditionals="4" coveredconditionals="2" methods="3" coveredmethods="3"/>
        <line num="7" count="1" type="stmt"/>
        <line num="9" count="5" type="stmt"/>
        <line num="10" count="5" type="stmt"/>
        <line num="11" count="5" type="stmt"/>
        <line num="14" count="9" type="stmt"/>
        <line num="16" count="5" type="stmt"/>
        <line num="18" count="5" type="stmt"/>
        <line num="45" count="1" type="cond" truecount="1" falsecount="1"/>
        <line num="46" count="1" type="stmt"/>
        <line num="47" count="1" type="stmt"/>
        <line num="49" count="0" type="stmt"/>
        <line num="50" count="0" type="stmt"/>
      </file>
      <file name="ResCard.jsx" path="F:\namaste-react-main\src\components\ResCard.jsx">
        <metrics statements="7" coveredstatements="5" conditionals="0" coveredconditionals="0" methods="3" coveredmethods="1"/>
        <line num="7" count="1" type="stmt"/>
        <line num="8" count="1" type="stmt"/>
        <line num="19" count="1" type="stmt"/>
        <line num="21" count="1" type="stmt"/>
        <line num="34" count="1" type="stmt"/>
        <line num="35" count="0" type="stmt"/>
        <line num="36" count="0" type="stmt"/>
      </file>
    </package>
    <package name="utils">
      <metrics statements="19" coveredstatements="14" conditionals="0" coveredconditionals="0" methods="7" coveredmethods="2"/>
      <file name="appStore.js" path="F:\namaste-react-main\src\utils\appStore.js">
        <metrics statements="1" coveredstatements="1" conditionals="0" coveredconditionals="0" methods="0" coveredmethods="0"/>
        <line num="5" count="1" type="stmt"/>
      </file>
      <file name="cardSlice.js" path="F:\namaste-react-main\src\utils\cardSlice.js">
        <metrics statements="5" coveredstatements="2" conditionals="0" coveredconditionals="0" methods="3" coveredmethods="0"/>
        <line num="4" count="1" type="stmt"/>
        <line num="11" count="0" type="stmt"/>
        <line num="14" count="0" type="stmt"/>
        <line num="17" count="0" type="stmt"/>
        <line num="22" count="1" type="stmt"/>
      </file>
      <file name="constants.js" path="F:\namaste-react-main\src\utils\constants.js">
        <metrics statements="5" coveredstatements="5" conditionals="0" coveredconditionals="0" methods="0" coveredmethods="0"/>
        <line num="1" count="2" type="stmt"/>
        <line num="3" count="2" type="stmt"/>
        <line num="5" count="2" type="stmt"/>
        <line num="11" count="2" type="stmt"/>
        <line num="13" count="2" type="stmt"/>
      </file>
      <file name="useOnlineStatus.js" path="F:\namaste-react-main\src\utils\useOnlineStatus.js">
        <metrics statements="8" coveredstatements="6" conditionals="0" coveredconditionals="0" methods="4" coveredmethods="2"/>
        <line num="3" count="1" type="stmt"/>
        <line num="5" count="5" type="stmt"/>
        <line num="7" count="5" type="stmt"/>
        <line num="8" count="4" type="stmt"/>
        <line num="9" count="0" type="stmt"/>
        <line num="12" count="4" type="stmt"/>
        <line num="13" count="0" type="stmt"/>
        <line num="18" count="5" type="stmt"/>
      </file>
    </package>
  </project>
</coverage>
